<?xml version="1.0" encoding="UTF-8"?>
<!-- Generated by org.testng.reporters.JUnitXMLReporter -->
<testsuite hostname="Laptop-Sw-7" ignored="1" name="Default test" tests="18" failures="2" timestamp="06 may 2019 17:54:54 GMT" time="90.254" errors="0">
  <testcase name="testMethodA" time="2.195" classname="org.testerselenium.intermedio.ParameterByMethod"/>
  <testcase name="testMethodA" time="2.17" classname="org.testerselenium.intermedio.ParameterByMethod"/>
  <testcase name="testMethodA" time="2.167" classname="org.testerselenium.intermedio.ParameterByMethod"/>
  <testcase name="testMethodA" time="2.174" classname="org.testerselenium.intermedio.ParameterByMethod"/>
  <testcase name="testMethodB" time="2.175" classname="org.testerselenium.intermedio.ParameterByMethod"/>
  <testcase name="testMethodB" time="2.162" classname="org.testerselenium.intermedio.ParameterByMethod"/>
  <testcase name="testMethodB" time="2.162" classname="org.testerselenium.intermedio.ParameterByMethod"/>
  <testcase name="goToRegisterPage" time="4.158" classname="org.testerselenium.intermedio.JavaScript"/>
  <testcase name="testCase1" time="0.002" classname="org.testerselenium.intermedio.TestNGAnnotations"/>
  <testcase name="testCase2" time="0.002" classname="org.testerselenium.intermedio.TestNGAnnotations"/>
  <testcase name="testMethod" time="3.24" classname="org.testerselenium.intermedio.DataProviderExample"/>
  <testcase name="testMethod" time="3.154" classname="org.testerselenium.intermedio.DataProviderExample"/>
  <testcase name="testMethod" time="3.171" classname="org.testerselenium.intermedio.DataProviderExample"/>
  <testcase name="testMethod" time="3.202" classname="org.testerselenium.intermedio.DataProviderExample"/>
  <testcase name="testMethodA" time="0.0" classname="org.testerselenium.intermedio.ParameterByITestContext">
    <failure type="org.testng.TestNGException" message="
Data Provider public java.lang.Object[][] org.testerselenium.intermedio.DataProviderClassByITestContext.getDataFromDataProvider(org.testng.ITestContext) returned a null value">
      <![CDATA[org.testng.TestNGException: 
Data Provider public java.lang.Object[][] org.testerselenium.intermedio.DataProviderClassByITestContext.getDataFromDataProvider(org.testng.ITestContext) returned a null value
at org.testng.internal.MethodInvocationHelper.invokeDataProvider(MethodInvocationHelper.java:133)
at org.testng.internal.Parameters.handleParameters(Parameters.java:706)
at org.testng.internal.ParameterHandler.handleParameters(ParameterHandler.java:49)
at org.testng.internal.ParameterHandler.createParameters(ParameterHandler.java:37)
at org.testng.internal.Invoker.invokeTestMethods(Invoker.java:924)
at org.testng.internal.TestMethodWorker.invokeTestMethods(TestMethodWorker.java:125)
at org.testng.internal.TestMethodWorker.run(TestMethodWorker.java:109)
at org.testng.TestRunner.privateRun(TestRunner.java:648)
at org.testng.TestRunner.run(TestRunner.java:505)
at org.testng.SuiteRunner.runTest(SuiteRunner.java:455)
at org.testng.SuiteRunner.runSequentially(SuiteRunner.java:450)
at org.testng.SuiteRunner.privateRun(SuiteRunner.java:415)
at org.testng.SuiteRunner.run(SuiteRunner.java:364)
at org.testng.SuiteRunnerWorker.runSuite(SuiteRunnerWorker.java:52)
at org.testng.SuiteRunnerWorker.run(SuiteRunnerWorker.java:84)
at org.testng.TestNG.runSuitesSequentially(TestNG.java:1208)
at org.testng.TestNG.runSuitesLocally(TestNG.java:1137)
at org.testng.TestNG.runSuites(TestNG.java:1049)
at org.testng.TestNG.run(TestNG.java:1017)
at org.testng.remote.AbstractRemoteTestNG.run(AbstractRemoteTestNG.java:115)
at org.testng.remote.RemoteTestNG.initAndRun(RemoteTestNG.java:251)
at org.testng.remote.RemoteTestNG.main(RemoteTestNG.java:77)
]]>
    </failure>
  </testcase> <!-- testMethodA -->
  <testcase name="testMethodB" time="0.0" classname="org.testerselenium.intermedio.ParameterByITestContext">
    <failure type="org.testng.TestNGException" message="
Data Provider public java.lang.Object[][] org.testerselenium.intermedio.DataProviderClassByITestContext.getDataFromDataProvider(org.testng.ITestContext) returned a null value">
      <![CDATA[org.testng.TestNGException: 
Data Provider public java.lang.Object[][] org.testerselenium.intermedio.DataProviderClassByITestContext.getDataFromDataProvider(org.testng.ITestContext) returned a null value
at org.testng.internal.MethodInvocationHelper.invokeDataProvider(MethodInvocationHelper.java:133)
at org.testng.internal.Parameters.handleParameters(Parameters.java:706)
at org.testng.internal.ParameterHandler.handleParameters(ParameterHandler.java:49)
at org.testng.internal.ParameterHandler.createParameters(ParameterHandler.java:37)
at org.testng.internal.Invoker.invokeTestMethods(Invoker.java:924)
at org.testng.internal.TestMethodWorker.invokeTestMethods(TestMethodWorker.java:125)
at org.testng.internal.TestMethodWorker.run(TestMethodWorker.java:109)
at org.testng.TestRunner.privateRun(TestRunner.java:648)
at org.testng.TestRunner.run(TestRunner.java:505)
at org.testng.SuiteRunner.runTest(SuiteRunner.java:455)
at org.testng.SuiteRunner.runSequentially(SuiteRunner.java:450)
at org.testng.SuiteRunner.privateRun(SuiteRunner.java:415)
at org.testng.SuiteRunner.run(SuiteRunner.java:364)
at org.testng.SuiteRunnerWorker.runSuite(SuiteRunnerWorker.java:52)
at org.testng.SuiteRunnerWorker.run(SuiteRunnerWorker.java:84)
at org.testng.TestNG.runSuitesSequentially(TestNG.java:1208)
at org.testng.TestNG.runSuitesLocally(TestNG.java:1137)
at org.testng.TestNG.runSuites(TestNG.java:1049)
at org.testng.TestNG.run(TestNG.java:1017)
at org.testng.remote.AbstractRemoteTestNG.run(AbstractRemoteTestNG.java:115)
at org.testng.remote.RemoteTestNG.initAndRun(RemoteTestNG.java:251)
at org.testng.remote.RemoteTestNG.main(RemoteTestNG.java:77)
]]>
    </failure>
  </testcase> <!-- testMethodB -->
  <testcase name="registerAnUser" time="24.447" classname="org.testerselenium.intermedio.JavaScript"/>
  <testcase name="register" time="2.546" classname="org.testerselenium.intermedio.TestNG"/>
  <testcase name="support" time="0.0" classname="org.testerselenium.intermedio.TestNG">
    <ignored/>
  </testcase> <!-- support -->
</testsuite> <!-- Default test -->
